[2019-06-14 13:07:36.660] [exthost] [info] extension host started
[2019-06-14 13:07:37.272] [exthost] [info] extension host started
[2019-06-14 13:07:38.803] [exthost] [info] extension host started
[2019-06-14 13:07:38.848] [exthost] [info] ExtensionService#_doActivateExtension vscode.debug-auto-launch {"startup":true,"activationEvent":"*"}
[2019-06-14 13:07:38.848] [exthost] [info] ExtensionService#loadCommonJSModule c:\Users\jaydutt\.codemix\engine\resources\app\extensions\debug-auto-launch\dist\extension
[2019-06-14 13:07:38.858] [exthost] [info] ExtensionService#_doActivateExtension vscode.emmet {"startup":true,"activationEvent":"*"}
[2019-06-14 13:07:38.858] [exthost] [info] ExtensionService#loadCommonJSModule c:\Users\jaydutt\.codemix\engine\resources\app\extensions\emmet\dist\extension
[2019-06-14 13:07:38.906] [exthost] [info] ExtensionService#_doActivateExtension vscode.grunt {"startup":false,"activationEvent":"onCommand:workbench.action.tasks.runTask"}
[2019-06-14 13:07:38.906] [exthost] [info] ExtensionService#loadCommonJSModule c:\Users\jaydutt\.codemix\engine\resources\app\extensions\grunt\dist\main
[2019-06-14 13:07:38.916] [exthost] [info] ExtensionService#_doActivateExtension vscode.gulp {"startup":false,"activationEvent":"onCommand:workbench.action.tasks.runTask"}
[2019-06-14 13:07:38.916] [exthost] [info] ExtensionService#loadCommonJSModule c:\Users\jaydutt\.codemix\engine\resources\app\extensions\gulp\dist\main
[2019-06-14 13:07:38.927] [exthost] [info] ExtensionService#_doActivateExtension vscode.jake {"startup":false,"activationEvent":"onCommand:workbench.action.tasks.runTask"}
[2019-06-14 13:07:38.927] [exthost] [info] ExtensionService#loadCommonJSModule c:\Users\jaydutt\.codemix\engine\resources\app\extensions\jake\dist\main
[2019-06-14 13:07:38.934] [exthost] [info] ExtensionService#_doActivateExtension vscode.npm {"startup":false,"activationEvent":"onCommand:workbench.action.tasks.runTask"}
[2019-06-14 13:07:38.935] [exthost] [info] ExtensionService#loadCommonJSModule c:\Users\jaydutt\.codemix\engine\resources\app\extensions\npm\dist\main
[2019-06-14 13:07:38.971] [exthost] [info] ExtensionService#_doActivateExtension vscode.typescript-language-features {"startup":false,"activationEvent":"onCommand:workbench.action.tasks.runTask"}
[2019-06-14 13:07:38.971] [exthost] [info] ExtensionService#loadCommonJSModule c:\Users\jaydutt\.codemix\engine\resources\app\extensions\typescript-language-features\dist\extension
[2019-06-14 13:07:39.076] [exthost] [info] ExtensionService#_doActivateExtension vscode.python {"startup":false,"activationEvent":"onLanguage:python"}
[2019-06-14 13:07:39.076] [exthost] [info] ExtensionService#loadCommonJSModule c:\Users\jaydutt\.codemix\engine\resources\app\extensions\python\out\pythonMain
[2019-06-14 13:07:39.079] [exthost] [info] ExtensionService#_doActivateExtension vscode.extension-editing {"startup":false,"activationEvent":"onLanguage:markdown"}
[2019-06-14 13:07:39.079] [exthost] [info] ExtensionService#loadCommonJSModule c:\Users\jaydutt\.codemix\engine\resources\app\extensions\extension-editing\dist\extension
[2019-06-14 13:07:39.139] [exthost] [info] ExtensionService#_doActivateExtension vscode.markdown-language-features {"startup":false,"activationEvent":"onLanguage:markdown"}
[2019-06-14 13:07:39.139] [exthost] [info] ExtensionService#loadCommonJSModule c:\Users\jaydutt\.codemix\engine\resources\app\extensions\markdown-language-features\dist\extension
[2019-06-14 13:07:39.280] [exthost] [info] ExtensionService#_doActivateExtension vscode.configuration-editing {"startup":false,"activationEvent":"onLanguage:jsonc"}
[2019-06-14 13:07:39.280] [exthost] [info] ExtensionService#loadCommonJSModule c:\Users\jaydutt\.codemix\engine\resources\app\extensions\configuration-editing\dist\extension
[2019-06-14 13:07:39.298] [exthost] [info] ExtensionService#_doActivateExtension vscode.json-language-features {"startup":false,"activationEvent":"onLanguage:jsonc"}
[2019-06-14 13:07:39.298] [exthost] [info] ExtensionService#loadCommonJSModule c:\Users\jaydutt\.codemix\engine\resources\app\extensions\json-language-features\client\dist\jsonMain
[2019-06-14 13:07:39.400] [exthost] [info] eager extensions activated
[2019-06-14 13:08:13.117] [exthost] [info] extension host started
[2019-06-14 13:08:13.782] [exthost] [info] extension host started
[2019-06-14 13:08:13.817] [exthost] [info] ExtensionService#_doActivateExtension vscode.debug-auto-launch {"startup":true,"activationEvent":"*"}
[2019-06-14 13:08:13.817] [exthost] [info] ExtensionService#loadCommonJSModule c:\Users\jaydutt\.codemix\engine\resources\app\extensions\debug-auto-launch\dist\extension
[2019-06-14 13:08:13.823] [exthost] [info] ExtensionService#_doActivateExtension vscode.emmet {"startup":true,"activationEvent":"*"}
[2019-06-14 13:08:13.823] [exthost] [info] ExtensionService#loadCommonJSModule c:\Users\jaydutt\.codemix\engine\resources\app\extensions\emmet\dist\extension
[2019-06-14 13:08:13.829] [exthost] [info] ExtensionService#_doActivateExtension christian-kohler.path-intellisense {"startup":true,"activationEvent":"*"}
[2019-06-14 13:08:13.829] [exthost] [info] ExtensionService#loadCommonJSModule C:\Users\jaydutt\.codemix\extensions\christian-kohler.path-intellisense-1.4.2\out\src\extension
[2019-06-14 13:08:13.865] [exthost] [info] ExtensionService#_doActivateExtension vscode.extension-editing {"startup":false,"activationEvent":"onLanguage:markdown"}
[2019-06-14 13:08:13.865] [exthost] [info] ExtensionService#loadCommonJSModule c:\Users\jaydutt\.codemix\engine\resources\app\extensions\extension-editing\dist\extension
[2019-06-14 13:08:13.877] [exthost] [info] ExtensionService#_doActivateExtension vscode.markdown-language-features {"startup":false,"activationEvent":"onLanguage:markdown"}
[2019-06-14 13:08:13.878] [exthost] [info] ExtensionService#loadCommonJSModule c:\Users\jaydutt\.codemix\engine\resources\app\extensions\markdown-language-features\dist\extension
[2019-06-14 13:08:13.913] [exthost] [info] ExtensionService#_doActivateExtension vscode.configuration-editing {"startup":false,"activationEvent":"onLanguage:jsonc"}
[2019-06-14 13:08:13.913] [exthost] [info] ExtensionService#loadCommonJSModule c:\Users\jaydutt\.codemix\engine\resources\app\extensions\configuration-editing\dist\extension
[2019-06-14 13:08:13.923] [exthost] [info] ExtensionService#_doActivateExtension vscode.json-language-features {"startup":false,"activationEvent":"onLanguage:jsonc"}
[2019-06-14 13:08:13.923] [exthost] [info] ExtensionService#loadCommonJSModule c:\Users\jaydutt\.codemix\engine\resources\app\extensions\json-language-features\client\dist\jsonMain
[2019-06-14 13:08:13.959] [exthost] [info] ExtensionService#_doActivateExtension vscode.typescript-language-features {"startup":false,"activationEvent":"onLanguage:jsonc"}
[2019-06-14 13:08:13.959] [exthost] [info] ExtensionService#loadCommonJSModule c:\Users\jaydutt\.codemix\engine\resources\app\extensions\typescript-language-features\dist\extension
[2019-06-14 13:08:13.986] [exthost] [info] ExtensionService#_doActivateExtension vscode.python {"startup":false,"activationEvent":"onLanguage:python"}
[2019-06-14 13:08:13.986] [exthost] [info] ExtensionService#loadCommonJSModule c:\Users\jaydutt\.codemix\engine\resources\app\extensions\python\out\pythonMain
[2019-06-14 13:08:13.990] [exthost] [info] ExtensionService#_doActivateExtension ms-python.python {"startup":false,"activationEvent":"onLanguage:python"}
[2019-06-14 13:08:13.990] [exthost] [info] ExtensionService#loadCommonJSModule C:\Users\jaydutt\.codemix\extensions\ms-python.python-2019.5.17517\out\client\extension
[2019-06-14 13:08:14.612] [exthost] [info] ExtensionService#_doActivateExtension vscode.grunt {"startup":false,"activationEvent":"onCommand:workbench.action.tasks.runTask"}
[2019-06-14 13:08:14.612] [exthost] [info] ExtensionService#loadCommonJSModule c:\Users\jaydutt\.codemix\engine\resources\app\extensions\grunt\dist\main
[2019-06-14 13:08:14.615] [exthost] [info] ExtensionService#_doActivateExtension vscode.gulp {"startup":false,"activationEvent":"onCommand:workbench.action.tasks.runTask"}
[2019-06-14 13:08:14.615] [exthost] [info] ExtensionService#loadCommonJSModule c:\Users\jaydutt\.codemix\engine\resources\app\extensions\gulp\dist\main
[2019-06-14 13:08:14.620] [exthost] [info] ExtensionService#_doActivateExtension vscode.jake {"startup":false,"activationEvent":"onCommand:workbench.action.tasks.runTask"}
[2019-06-14 13:08:14.620] [exthost] [info] ExtensionService#loadCommonJSModule c:\Users\jaydutt\.codemix\engine\resources\app\extensions\jake\dist\main
[2019-06-14 13:08:14.624] [exthost] [info] ExtensionService#_doActivateExtension vscode.npm {"startup":false,"activationEvent":"onCommand:workbench.action.tasks.runTask"}
[2019-06-14 13:08:14.624] [exthost] [info] ExtensionService#loadCommonJSModule c:\Users\jaydutt\.codemix\engine\resources\app\extensions\npm\dist\main
[2019-06-14 13:08:14.632] [exthost] [info] eager extensions activated
[2019-06-14 13:08:19.224] [exthost] [info] extension host started
[2019-06-14 13:08:19.255] [exthost] [info] ExtensionService#_doActivateExtension vscode.debug-auto-launch {"startup":true,"activationEvent":"*"}
[2019-06-14 13:08:19.255] [exthost] [info] ExtensionService#loadCommonJSModule c:\Users\jaydutt\.codemix\engine\resources\app\extensions\debug-auto-launch\dist\extension
[2019-06-14 13:08:19.259] [exthost] [info] ExtensionService#_doActivateExtension vscode.emmet {"startup":true,"activationEvent":"*"}
[2019-06-14 13:08:19.259] [exthost] [info] ExtensionService#loadCommonJSModule c:\Users\jaydutt\.codemix\engine\resources\app\extensions\emmet\dist\extension
[2019-06-14 13:08:19.263] [exthost] [info] ExtensionService#_doActivateExtension christian-kohler.path-intellisense {"startup":true,"activationEvent":"*"}
[2019-06-14 13:08:19.263] [exthost] [info] ExtensionService#loadCommonJSModule C:\Users\jaydutt\.codemix\extensions\christian-kohler.path-intellisense-1.4.2\out\src\extension
[2019-06-14 13:08:19.292] [exthost] [info] ExtensionService#_doActivateExtension vscode.python {"startup":false,"activationEvent":"onLanguage:python"}
[2019-06-14 13:08:19.292] [exthost] [info] ExtensionService#loadCommonJSModule c:\Users\jaydutt\.codemix\engine\resources\app\extensions\python\out\pythonMain
[2019-06-14 13:08:19.294] [exthost] [info] ExtensionService#_doActivateExtension ms-python.python {"startup":false,"activationEvent":"onLanguage:python"}
[2019-06-14 13:08:19.294] [exthost] [info] ExtensionService#loadCommonJSModule C:\Users\jaydutt\.codemix\extensions\ms-python.python-2019.5.17517\out\client\extension
[2019-06-14 13:08:19.916] [exthost] [info] ExtensionService#_doActivateExtension vscode.extension-editing {"startup":false,"activationEvent":"onLanguage:markdown"}
[2019-06-14 13:08:19.916] [exthost] [info] ExtensionService#loadCommonJSModule c:\Users\jaydutt\.codemix\engine\resources\app\extensions\extension-editing\dist\extension
[2019-06-14 13:08:19.928] [exthost] [info] ExtensionService#_doActivateExtension vscode.markdown-language-features {"startup":false,"activationEvent":"onLanguage:markdown"}
[2019-06-14 13:08:19.928] [exthost] [info] ExtensionService#loadCommonJSModule c:\Users\jaydutt\.codemix\engine\resources\app\extensions\markdown-language-features\dist\extension
[2019-06-14 13:08:19.949] [exthost] [info] ExtensionService#_doActivateExtension vscode.configuration-editing {"startup":false,"activationEvent":"onLanguage:jsonc"}
[2019-06-14 13:08:19.949] [exthost] [info] ExtensionService#loadCommonJSModule c:\Users\jaydutt\.codemix\engine\resources\app\extensions\configuration-editing\dist\extension
[2019-06-14 13:08:19.953] [exthost] [info] ExtensionService#_doActivateExtension vscode.json-language-features {"startup":false,"activationEvent":"onLanguage:jsonc"}
[2019-06-14 13:08:19.953] [exthost] [info] ExtensionService#loadCommonJSModule c:\Users\jaydutt\.codemix\engine\resources\app\extensions\json-language-features\client\dist\jsonMain
[2019-06-14 13:08:19.971] [exthost] [info] ExtensionService#_doActivateExtension vscode.typescript-language-features {"startup":false,"activationEvent":"onLanguage:jsonc"}
[2019-06-14 13:08:19.971] [exthost] [info] ExtensionService#loadCommonJSModule c:\Users\jaydutt\.codemix\engine\resources\app\extensions\typescript-language-features\dist\extension
[2019-06-14 13:08:19.987] [exthost] [info] ExtensionService#_doActivateExtension vscode.grunt {"startup":false,"activationEvent":"onCommand:workbench.action.tasks.runTask"}
[2019-06-14 13:08:19.987] [exthost] [info] ExtensionService#loadCommonJSModule c:\Users\jaydutt\.codemix\engine\resources\app\extensions\grunt\dist\main
[2019-06-14 13:08:19.989] [exthost] [info] ExtensionService#_doActivateExtension vscode.gulp {"startup":false,"activationEvent":"onCommand:workbench.action.tasks.runTask"}
[2019-06-14 13:08:19.989] [exthost] [info] ExtensionService#loadCommonJSModule c:\Users\jaydutt\.codemix\engine\resources\app\extensions\gulp\dist\main
[2019-06-14 13:08:19.992] [exthost] [info] ExtensionService#_doActivateExtension vscode.jake {"startup":false,"activationEvent":"onCommand:workbench.action.tasks.runTask"}
[2019-06-14 13:08:19.992] [exthost] [info] ExtensionService#loadCommonJSModule c:\Users\jaydutt\.codemix\engine\resources\app\extensions\jake\dist\main
[2019-06-14 13:08:19.995] [exthost] [info] ExtensionService#_doActivateExtension vscode.npm {"startup":false,"activationEvent":"onCommand:workbench.action.tasks.runTask"}
[2019-06-14 13:08:19.995] [exthost] [info] ExtensionService#loadCommonJSModule c:\Users\jaydutt\.codemix\engine\resources\app\extensions\npm\dist\main
[2019-06-14 13:08:20.002] [exthost] [info] eager extensions activated
[2019-06-14 13:08:24.729] [exthost] [info] ExtensionService#_doActivateExtension vscode.debug-server-ready {"startup":false,"activationEvent":"onDebugResolve"}
[2019-06-14 13:08:24.729] [exthost] [info] ExtensionService#loadCommonJSModule c:\Users\jaydutt\.codemix\engine\resources\app\extensions\debug-server-ready\dist\extension
